<?xml version="1.0" encoding="UTF-8"?>
<testsuite name="mini.rx.RxUtilsKtTest" tests="4" skipped="0" failures="0" errors="0" timestamp="2019-10-02T12:19:42" hostname="macpro-pablo-movo.local" time="0.089">
  <properties/>
  <testcase name="flowable sends initial state" classname="mini.rx.RxUtilsKtTest" time="0.064"/>
  <testcase name="observable sends initial state" classname="mini.rx.RxUtilsKtTest" time="0.024"/>
  <testcase name="flowable sends updates" classname="mini.rx.RxUtilsKtTest" time="0.0"/>
  <testcase name="observable sends updates" classname="mini.rx.RxUtilsKtTest" time="0.0"/>
  <system-out><![CDATA[]]></system-out>
  <system-err><![CDATA[]]></system-err>
</testsuite>
